0 info it worked if it ends with ok
1 verbose cli [ '/usr/bin/node', '/usr/bin/npm', 'install' ]
2 info using npm@1.4.28
3 info using node@v0.10.37
4 verbose node symlink /usr/bin/node
5 warn package.json contatooh@1.0.0 No description
6 warn package.json contatooh@1.0.0 No repository field.
7 warn package.json contatooh@1.0.0 No README data
8 verbose readDependencies using package.json deps
9 verbose install where, deps [ '/home/camila/Downloads/node/contatooh',
9 verbose install   [ 'body-parser',
9 verbose install     'ejs',
9 verbose install     'express',
9 verbose install     'express-load',
9 verbose install     'method-override' ] ]
10 info preinstall contatooh@1.0.0
11 verbose readDependencies using package.json deps
12 verbose already installed skipping express@^4.8.8 /home/camila/Downloads/node/contatooh
13 verbose already installed skipping express-load@^1.1.14 /home/camila/Downloads/node/contatooh
14 verbose already installed skipping method-override@^2.1.3 /home/camila/Downloads/node/contatooh
15 verbose already installed skipping body-parser@^1.6.7 /home/camila/Downloads/node/contatooh
16 verbose already installed skipping ejs@^0.8.8 /home/camila/Downloads/node/contatooh
17 silly resolved []
18 info build /home/camila/Downloads/node/contatooh
19 verbose linkStuff [ false, false, false, '/home/camila/Downloads/node' ]
20 info linkStuff contatooh@1.0.0
21 verbose linkBins contatooh@1.0.0
22 verbose linkMans contatooh@1.0.0
23 verbose rebuildBundles contatooh@1.0.0
24 verbose rebuildBundles [ '.bin',
24 verbose rebuildBundles   'body-parser',
24 verbose rebuildBundles   'bower',
24 verbose rebuildBundles   'ejs',
24 verbose rebuildBundles   'express',
24 verbose rebuildBundles   'express-load',
24 verbose rebuildBundles   'method-override' ]
25 verbose rebuild bundle /home/camila/Downloads/node/contatooh/node_modules/bower
26 info build /home/camila/Downloads/node/contatooh/node_modules/bower
27 info preinstall bower@1.3.12
28 verbose linkStuff [ false,
28 verbose linkStuff   false,
28 verbose linkStuff   false,
28 verbose linkStuff   '/home/camila/Downloads/node/contatooh/node_modules' ]
29 info linkStuff bower@1.3.12
30 warn prefer global bower@1.3.12 should be installed with -g
31 verbose linkBins bower@1.3.12
32 verbose link bins [ { bower: 'bin/bower' },
32 verbose link bins   '/home/camila/Downloads/node/contatooh/node_modules/.bin',
32 verbose link bins   false ]
33 verbose linkMans bower@1.3.12
34 verbose rebuildBundles bower@1.3.12
35 verbose rebuildBundles [ '.bin',
35 verbose rebuildBundles   'abbrev',
35 verbose rebuildBundles   'archy',
35 verbose rebuildBundles   'bower-config',
35 verbose rebuildBundles   'bower-endpoint-parser',
35 verbose rebuildBundles   'bower-json',
35 verbose rebuildBundles   'bower-logger',
35 verbose rebuildBundles   'bower-registry-client',
35 verbose rebuildBundles   'cardinal',
35 verbose rebuildBundles   'chalk',
35 verbose rebuildBundles   'chmodr',
35 verbose rebuildBundles   'decompress-zip',
35 verbose rebuildBundles   'fstream',
35 verbose rebuildBundles   'fstream-ignore',
35 verbose rebuildBundles   'glob',
35 verbose rebuildBundles   'graceful-fs',
35 verbose rebuildBundles   'handlebars',
35 verbose rebuildBundles   'inquirer',
35 verbose rebuildBundles   'insight',
35 verbose rebuildBundles   'is-root',
35 verbose rebuildBundles   'junk',
35 verbose rebuildBundles   'lockfile',
35 verbose rebuildBundles   'lru-cache',
35 verbose rebuildBundles   'mkdirp',
35 verbose rebuildBundles   'mout',
35 verbose rebuildBundles   'nopt',
35 verbose rebuildBundles   'opn',
35 verbose rebuildBundles   'osenv',
35 verbose rebuildBundles   'p-throttler',
35 verbose rebuildBundles   'promptly',
35 verbose rebuildBundles   'q',
35 verbose rebuildBundles   'request',
35 verbose rebuildBundles   'request-progress',
35 verbose rebuildBundles   'retry',
35 verbose rebuildBundles   'rimraf',
35 verbose rebuildBundles   'semver',
35 verbose rebuildBundles   'shell-quote',
35 verbose rebuildBundles   'stringify-object',
35 verbose rebuildBundles   'tar-fs',
35 verbose rebuildBundles   'tmp',
35 verbose rebuildBundles   'update-notifier',
35 verbose rebuildBundles   'which' ]
36 error Error: EACCES, unlink '/home/camila/Downloads/node/contatooh/node_modules/.bin/bower'
36 error  { [Error: EACCES, unlink '/home/camila/Downloads/node/contatooh/node_modules/.bin/bower']
36 error   errno: 3,
36 error   code: 'EACCES',
36 error   path: '/home/camila/Downloads/node/contatooh/node_modules/.bin/bower' }
37 error Please try running this command again as root/Administrator.
38 error System Linux 3.13.0-61-generic
39 error command "/usr/bin/node" "/usr/bin/npm" "install"
40 error cwd /home/camila/Downloads/node/contatooh
41 error node -v v0.10.37
42 error npm -v 1.4.28
43 error path /home/camila/Downloads/node/contatooh/node_modules/.bin/bower
44 error code EACCES
45 error errno 3
46 error stack Error: EACCES, unlink '/home/camila/Downloads/node/contatooh/node_modules/.bin/bower'
47 verbose exit [ 3, true ]
